I, [2022-06-26T17:11:51.002175 #50889]  INFO -- : Cleared interactions
I, [2022-06-26T17:11:51.006341 #50889]  INFO -- : Registered expected interaction GET /api/user/2
D, [2022-06-26T17:11:51.006457 #50889] DEBUG -- : {
  "description": "a request for get User2 details",
  "providerState": "User with user id 2 exists in database table user_details",
  "request": {
    "method": "get",
    "path": "/api/user/2"
  },
  "response": {
    "status": 200,
    "headers": {
    },
    "body": {
      "json_class": "Pact::SomethingLike",
      "contents": {
        "data": {
          "id": 2,
          "email": "janet.weaver@reqres.in",
          "first_name": "Janet",
          "last_name": "Weaver",
          "avatar": "https://reqres.in/img/faces/2-image.jpg"
        },
        "support": {
          "url": "https://reqres.in/#support-heading",
          "text": "To keep ReqRes free, contributions towards server costs are appreciated!"
        }
      }
    }
  },
  "metadata": null
}
I, [2022-06-26T17:11:51.010271 #50889]  INFO -- : Received request GET /api/user/2
D, [2022-06-26T17:11:51.010376 #50889] DEBUG -- : {
  "path": "/api/user/2",
  "query": "",
  "method": "get",
  "headers": {
    "Content-Type": "application/json",
    "Host": "localhost:1234",
    "User-Agent": "python-requests/2.27.1",
    "Accept-Encoding": "gzip, deflate, br",
    "Accept": "*/*",
    "Connection": "keep-alive",
    "Version": "HTTP/1.1"
  }
}
I, [2022-06-26T17:11:51.010896 #50889]  INFO -- : Found matching response for GET /api/user/2
D, [2022-06-26T17:11:51.010978 #50889] DEBUG -- : {
  "status": 200,
  "headers": {
  },
  "body": {
    "json_class": "Pact::SomethingLike",
    "contents": {
      "data": {
        "id": 2,
        "email": "janet.weaver@reqres.in",
        "first_name": "Janet",
        "last_name": "Weaver",
        "avatar": "https://reqres.in/img/faces/2-image.jpg"
      },
      "support": {
        "url": "https://reqres.in/#support-heading",
        "text": "To keep ReqRes free, contributions towards server costs are appreciated!"
      }
    }
  }
}
I, [2022-06-26T17:11:51.014841 #50889]  INFO -- : Verifying - interactions matched
I, [2022-06-26T17:11:51.018800 #50889]  INFO -- : Writing pact for GetUserProvider to /Users/avyas/PycharmProjects/ContractTestingFramework/displayuserconsumer-getuserprovider.json
I, [2022-06-26T17:11:51.023480 #50889]  INFO -- : Cleared interactions
I, [2022-06-26T17:11:51.027350 #50889]  INFO -- : Registered expected interaction GET /api/user/abcd
D, [2022-06-26T17:11:51.027425 #50889] DEBUG -- : {
  "description": "a request for get user with string as user id",
  "providerState": "Provider only allows int user ids",
  "request": {
    "method": "get",
    "path": "/api/user/abcd"
  },
  "response": {
    "status": 400,
    "headers": {
    },
    "body": {
    }
  },
  "metadata": null
}
I, [2022-06-26T17:11:51.031020 #50889]  INFO -- : Received request GET /api/user/abcd
D, [2022-06-26T17:11:51.031094 #50889] DEBUG -- : {
  "path": "/api/user/abcd",
  "query": "",
  "method": "get",
  "headers": {
    "Content-Type": "application/json",
    "Host": "localhost:1234",
    "User-Agent": "python-requests/2.27.1",
    "Accept-Encoding": "gzip, deflate, br",
    "Accept": "*/*",
    "Connection": "keep-alive",
    "Version": "HTTP/1.1"
  }
}
I, [2022-06-26T17:11:51.031179 #50889]  INFO -- : Found matching response for GET /api/user/abcd
D, [2022-06-26T17:11:51.031223 #50889] DEBUG -- : {
  "status": 400,
  "headers": {
  },
  "body": {
  }
}
I, [2022-06-26T17:11:51.034702 #50889]  INFO -- : Verifying - interactions matched
I, [2022-06-26T17:11:51.038184 #50889]  INFO -- : Writing pact for GetUserProvider to /Users/avyas/PycharmProjects/ContractTestingFramework/displayuserconsumer-getuserprovider.json
